<?xml version="1.0" encoding="UTF-8"?>
<!-- Generated by org.testng.reporters.JUnitXMLReporter -->
<testsuite hostname="DiptiDash-PC" ignored="0" name="Test" tests="1" failures="1" timestamp="28 Jul 2020 14:35:37 GMT" time="1.316" errors="0">
  <testcase name="facebook" time="1.258" classname="test.testclassfb">
    <failure type="java.lang.NullPointerException">
      <![CDATA[java.lang.NullPointerException
at org.openqa.selenium.support.pagefactory.DefaultElementLocator.findElement(DefaultElementLocator.java:69)
at org.openqa.selenium.support.pagefactory.internal.LocatingElementHandler.invoke(LocatingElementHandler.java:38)
at com.sun.proxy.$Proxy7.sendKeys(Unknown Source)
at pom.pomclassfacebook.fb(pomclassfacebook.java:47)
at test.testclassfb.facebook(testclassfb.java:17)
... Removed 25 stack frames]]>
    </failure>
  </testcase> <!-- facebook -->
</testsuite> <!-- Test -->
